[INFO ] 2020-10-31 10:58:12.904 [main] LogThis - null logged in successful!
[INFO ] 2020-10-31 11:05:12.028 [main] LogThis - Jennifer logged in successfully!
[INFO ] 2020-10-31 11:05:12.036 [main] LogThis - Makiah logged in successfully!
[INFO ] 2020-10-31 11:05:15.978 [main] LogThis - Jennifer logged in successfully!
[INFO ] 2020-10-31 11:05:15.984 [main] LogThis - Makiah logged in successfully!
[INFO ] 2020-10-31 11:05:49.778 [main] LogThis - Jennifer logged in successfully!
[INFO ] 2020-10-31 11:05:49.783 [main] LogThis - Makiah logged in successfully!
[INFO ] 2020-10-31 11:06:01.907 [main] LogThis - Jennifer logged in successfully!
[INFO ] 2020-10-31 11:06:01.917 [main] LogThis - Makiah logged in successfully!
[INFO ] 2020-10-31 11:06:39.293 [main] LogThis - Jennifer logged in successfully!
[INFO ] 2020-10-31 11:06:39.309 [main] LogThis - Makiah logged in successfully!
[INFO ] 2020-10-31 11:11:54.941 [main] LogThis - null logged in successfully!
[INFO ] 2020-10-31 11:12:13.651 [main] LogThis - null logged in successfully!
[INFO ] 2020-10-31 11:13:23.073 [main] LogThis - null logged in successfully!
[INFO ] 2020-10-31 11:13:56.985 [main] LogThis - null logged in successfully!
[INFO ] 2020-10-31 11:15:16.913 [main] LogThis - null logged in successfully!
[INFO ] 2020-10-31 11:15:40.888 [main] LogThis - null logged in successfully!
[INFO ] 2020-10-31 11:17:02.267 [main] LogThis - null logged in successfully!
[INFO ] 2020-10-31 11:17:44.252 [main] LogThis - null logged in successfully!
[INFO ] 2020-10-31 11:18:50.846 [main] LogThis - null logged in successfully!
[INFO ] 2020-10-31 11:19:32.774 [main] LogThis - null logged in successfully!
[INFO ] 2020-10-31 11:20:29.244 [main] LogThis - null logged in successfully!
[INFO ] 2020-10-31 11:21:38.366 [main] LogThis - null logged in successfully!
[INFO ] 2020-10-31 11:23:36.025 [main] LogThis - null logged in successfully!
[INFO ] 2020-10-31 11:26:13.323 [main] LogThis - null logged in successfully!
[INFO ] 2020-10-31 11:34:03.203 [main] LogThis - Jennifer logged in successfully!
[INFO ] 2020-10-31 11:34:39.027 [main] LogThis - null logged in successfully!
[INFO ] 2020-10-31 11:40:53.540 [main] LogThis - null logged in successfully!
[INFO ] 2020-10-31 11:42:46.291 [main] LogThis - null logged in successfully!
[INFO ] 2020-10-31 11:47:01.201 [main] LogThis - null registered successfully!
[INFO ] 2020-10-31 11:50:38.702 [main] LogThis - null registered successfully!
[INFO ] 2020-10-31 11:57:57.669 [main] LogThis - null, account awaiting approval.
[INFO ] 2020-10-31 12:07:56.006 [main] LogThis - null logged in successfully!
[INFO ] 2020-10-31 12:08:46.986 [main] LogThis - null registered successfully!
[INFO ] 2020-10-31 14:56:05.540 [main] LogThis - dzj938 logged in successfully!
[INFO ] 2020-10-31 14:56:05.552 [main] LogThis - dzj938 was added to customer database.
[INFO ] 2020-10-31 14:57:37.235 [main] LogThis - zu92 logged in successfully!
[INFO ] 2020-10-31 14:57:37.240 [main] LogThis - zu92 was added to customer database.
[INFO ] 2020-10-31 15:21:26.925 [main] LogThis -  Your new balance is 
[INFO ] 2020-10-31 15:27:55.223 [main] LogThis -  Your new balance is 
[INFO ] 2020-10-31 15:30:01.311 [main] LogThis -  Your new balance is 
[INFO ] 2020-10-31 15:30:53.758 [main] LogThis -  Your new balance is 
[INFO ] 2020-10-31 15:32:49.638 [main] LogThis -  Your new balance is 
[INFO ] 2020-10-31 15:32:56.356 [main] LogThis -  Your new balance is 
[INFO ] 2020-10-31 15:33:48.423 [main] LogThis -  Your new balance is 
[INFO ] 2020-10-31 15:33:52.047 [main] LogThis -  Your new balance is 
[INFO ] 2020-10-31 15:56:28.888 [main] LogThis -  Your new balance is 
[INFO ] 2020-10-31 15:59:26.902 [main] LogThis -  Your new balance is 
[INFO ] 2020-10-31 15:59:41.522 [main] LogThis -  Your new balance is 
[INFO ] 2020-10-31 16:02:08.580 [main] LogThis -  Your new balance is 0.0
[INFO ] 2020-11-04 21:40:57.291 [main] LogThis - Jennifer logged in successfully!
[INFO ] 2020-11-04 21:40:57.300 [main] LogThis - Jennifer was added to customer database.
[INFO ] 2020-11-04 22:51:20.636 [main] LogThis -  Your new balance is 250.0
[INFO ] 2020-11-04 22:51:55.294 [main] LogThis -  Your new balance is 250.0
[INFO ] 2020-11-04 22:52:04.997 [main] LogThis -  Your new balance is 250.0
[INFO ] 2020-11-04 22:52:30.285 [main] LogThis -  Your new balance is 50.0
[INFO ] 2020-11-04 22:53:03.382 [main] LogThis -  Your new balance is 250.0
[INFO ] 2020-11-04 22:53:10.165 [main] LogThis -  Your new balance is 50.0
[INFO ] 2020-11-04 22:57:19.758 [main] LogThis -  Your new balance is 250.0
[INFO ] 2020-11-04 22:57:28.154 [main] LogThis -  Your new balance is 250.0
